#! /c/Source/iverilog-install/bin/vvp
:ivl_version "12.0 (devel)" "(s20150603-1539-g2693dd32b)";
:ivl_delay_selection "TYPICAL";
:vpi_time_precision - 9;
:vpi_module "C:\iverilog\lib\ivl\system.vpi";
:vpi_module "C:\iverilog\lib\ivl\vhdl_sys.vpi";
:vpi_module "C:\iverilog\lib\ivl\vhdl_textio.vpi";
:vpi_module "C:\iverilog\lib\ivl\v2005_math.vpi";
:vpi_module "C:\iverilog\lib\ivl\va_math.vpi";
S_000001c2e71f6a10 .scope module, "parking_system" "parking_system" 2 2;
 .timescale -9 -9;
    .port_info 0 /INPUT 1 "clock";
    .port_info 1 /OUTPUT 7 "register";
    .port_info 2 /INPUT 1 "g1_reset";
    .port_info 3 /INPUT 1 "car_exit";
    .port_info 4 /INPUT 3 "exit_from";
    .port_info 5 /INPUT 8 "exit_code";
    .port_info 6 /INPUT 1 "car_arrival";
    .port_info 7 /OUTPUT 3 "available_slots";
    .port_info 8 /OUTPUT 1 "can_park";
    .port_info 9 /OUTPUT 8 "l0";
    .port_info 10 /OUTPUT 8 "l1";
    .port_info 11 /OUTPUT 8 "l2";
    .port_info 12 /OUTPUT 8 "l3";
    .port_info 13 /OUTPUT 8 "l4";
    .port_info 14 /OUTPUT 8 "l5";
    .port_info 15 /OUTPUT 8 "l6";
    .port_info 16 /OUTPUT 8 "l7";
v000001c2e71fbca0_0 .var "available_slots", 2 0;
v000001c2e71fbd40_0 .var "can_park", 0 0;
o000001c2e725b058 .functor BUFZ 1, C4<z>; HiZ drive
v000001c2e71fbde0_0 .net "car_arrival", 0 0, o000001c2e725b058;  0 drivers
o000001c2e725b088 .functor BUFZ 1, C4<z>; HiZ drive
v000001c2e71fbe80_0 .net "car_exit", 0 0, o000001c2e725b088;  0 drivers
o000001c2e725b0b8 .functor BUFZ 1, C4<z>; HiZ drive
v000001c2e71fbf20_0 .net "clock", 0 0, o000001c2e725b0b8;  0 drivers
o000001c2e725b0e8 .functor BUFZ 8, C4<zzzzzzzz>; HiZ drive
v000001c2e7243340_0 .net "exit_code", 7 0, o000001c2e725b0e8;  0 drivers
o000001c2e725b118 .functor BUFZ 3, C4<zzz>; HiZ drive
v000001c2e72433e0_0 .net "exit_from", 2 0, o000001c2e725b118;  0 drivers
o000001c2e725b148 .functor BUFZ 1, C4<z>; HiZ drive
v000001c2e7243480_0 .net "g1_reset", 0 0, o000001c2e725b148;  0 drivers
v000001c2e7243520_0 .var/i "i", 31 0;
v000001c2e72435c0_0 .var "l0", 7 0;
v000001c2e7243660_0 .var "l1", 7 0;
v000001c2e7243700_0 .var "l2", 7 0;
v000001c2e72437a0_0 .var "l3", 7 0;
v000001c2e7243840_0 .var "l4", 7 0;
v000001c2e72a4ed0_0 .var "l5", 7 0;
v000001c2e72a46b0_0 .var "l6", 7 0;
v000001c2e72a4f70_0 .var "l7", 7 0;
v000001c2e72a4cf0_0 .var "match", 0 0;
v000001c2e72a4070_0 .var "register", 7 1;
v000001c2e72a4570_0 .var "spot", 2 0;
v000001c2e72a4750_0 .var "temp", 7 0;
E_000001c2e7239e10 .event posedge, v000001c2e71fbf20_0;
S_000001c2e71f6ba0 .scope task, "task_passcode" "task_passcode" 2 104, 2 104 0, S_000001c2e71f6a10;
 .timescale -9 -9;
v000001c2e71fb760_0 .var "Q", 7 0;
v000001c2e71fbc00_0 .var "slot_number", 2 0;
TD_parking_system.task_passcode ;
    %load/vec4 v000001c2e71fbc00_0;
    %dup/vec4;
    %pushi/vec4 7, 0, 3;
    %cmp/u;
    %jmp/1 T_0.0, 6;
    %dup/vec4;
    %pushi/vec4 6, 0, 3;
    %cmp/u;
    %jmp/1 T_0.1, 6;
    %dup/vec4;
    %pushi/vec4 5, 0, 3;
    %cmp/u;
    %jmp/1 T_0.2, 6;
    %dup/vec4;
    %pushi/vec4 4, 0, 3;
    %cmp/u;
    %jmp/1 T_0.3, 6;
    %dup/vec4;
    %pushi/vec4 3, 0, 3;
    %cmp/u;
    %jmp/1 T_0.4, 6;
    %dup/vec4;
    %pushi/vec4 2, 0, 3;
    %cmp/u;
    %jmp/1 T_0.5, 6;
    %dup/vec4;
    %pushi/vec4 1, 0, 3;
    %cmp/u;
    %jmp/1 T_0.6, 6;
    %dup/vec4;
    %pushi/vec4 0, 0, 3;
    %cmp/u;
    %jmp/1 T_0.7, 6;
    %jmp T_0.8;
T_0.0 ;
    %pushi/vec4 87, 0, 8;
    %store/vec4 v000001c2e71fb760_0, 0, 8;
    %jmp T_0.8;
T_0.1 ;
    %pushi/vec4 53, 0, 8;
    %store/vec4 v000001c2e71fb760_0, 0, 8;
    %jmp T_0.8;
T_0.2 ;
    %pushi/vec4 32, 0, 8;
    %store/vec4 v000001c2e71fb760_0, 0, 8;
    %jmp T_0.8;
T_0.3 ;
    %pushi/vec4 19, 0, 8;
    %store/vec4 v000001c2e71fb760_0, 0, 8;
    %jmp T_0.8;
T_0.4 ;
    %pushi/vec4 11, 0, 8;
    %store/vec4 v000001c2e71fb760_0, 0, 8;
    %jmp T_0.8;
T_0.5 ;
    %pushi/vec4 6, 0, 8;
    %store/vec4 v000001c2e71fb760_0, 0, 8;
    %jmp T_0.8;
T_0.6 ;
    %pushi/vec4 3, 0, 8;
    %store/vec4 v000001c2e71fb760_0, 0, 8;
    %jmp T_0.8;
T_0.7 ;
    %pushi/vec4 1, 0, 8;
    %store/vec4 v000001c2e71fb760_0, 0, 8;
    %jmp T_0.8;
T_0.8 ;
    %pop/vec4 1;
    %end;
    .scope S_000001c2e71f6a10;
T_1 ;
    %wait E_000001c2e7239e10;
    %load/vec4 v000001c2e71fbe80_0;
    %flag_set/vec4 8;
    %jmp/0xz  T_1.0, 8;
    %load/vec4 v000001c2e72433e0_0;
    %dup/vec4;
    %pushi/vec4 7, 0, 3;
    %cmp/u;
    %jmp/1 T_1.2, 6;
    %dup/vec4;
    %pushi/vec4 6, 0, 3;
    %cmp/u;
    %jmp/1 T_1.3, 6;
    %dup/vec4;
    %pushi/vec4 5, 0, 3;
    %cmp/u;
    %jmp/1 T_1.4, 6;
    %dup/vec4;
    %pushi/vec4 4, 0, 3;
    %cmp/u;
    %jmp/1 T_1.5, 6;
    %dup/vec4;
    %pushi/vec4 3, 0, 3;
    %cmp/u;
    %jmp/1 T_1.6, 6;
    %dup/vec4;
    %pushi/vec4 2, 0, 3;
    %cmp/u;
    %jmp/1 T_1.7, 6;
    %dup/vec4;
    %pushi/vec4 1, 0, 3;
    %cmp/u;
    %jmp/1 T_1.8, 6;
    %dup/vec4;
    %pushi/vec4 0, 0, 3;
    %cmp/u;
    %jmp/1 T_1.9, 6;
    %jmp T_1.10;
T_1.2 ;
    %load/vec4 v000001c2e7243340_0;
    %load/vec4 v000001c2e72a4f70_0;
    %cmp/e;
    %jmp/0xz  T_1.11, 4;
    %pushi/vec4 1, 0, 1;
    %store/vec4 v000001c2e72a4cf0_0, 0, 1;
    %jmp T_1.12;
T_1.11 ;
    %pushi/vec4 0, 0, 1;
    %store/vec4 v000001c2e72a4cf0_0, 0, 1;
T_1.12 ;
    %jmp T_1.10;
T_1.3 ;
    %load/vec4 v000001c2e7243340_0;
    %load/vec4 v000001c2e72a46b0_0;
    %cmp/e;
    %jmp/0xz  T_1.13, 4;
    %pushi/vec4 1, 0, 1;
    %store/vec4 v000001c2e72a4cf0_0, 0, 1;
    %jmp T_1.14;
T_1.13 ;
    %pushi/vec4 0, 0, 1;
    %store/vec4 v000001c2e72a4cf0_0, 0, 1;
T_1.14 ;
    %jmp T_1.10;
T_1.4 ;
    %load/vec4 v000001c2e7243340_0;
    %load/vec4 v000001c2e72a4ed0_0;
    %cmp/e;
    %jmp/0xz  T_1.15, 4;
    %pushi/vec4 1, 0, 1;
    %store/vec4 v000001c2e72a4cf0_0, 0, 1;
    %jmp T_1.16;
T_1.15 ;
    %pushi/vec4 0, 0, 1;
    %store/vec4 v000001c2e72a4cf0_0, 0, 1;
T_1.16 ;
    %jmp T_1.10;
T_1.5 ;
    %load/vec4 v000001c2e7243340_0;
    %load/vec4 v000001c2e7243840_0;
    %cmp/e;
    %jmp/0xz  T_1.17, 4;
    %pushi/vec4 1, 0, 1;
    %store/vec4 v000001c2e72a4cf0_0, 0, 1;
    %jmp T_1.18;
T_1.17 ;
    %pushi/vec4 0, 0, 1;
    %store/vec4 v000001c2e72a4cf0_0, 0, 1;
T_1.18 ;
    %jmp T_1.10;
T_1.6 ;
    %load/vec4 v000001c2e7243340_0;
    %load/vec4 v000001c2e72437a0_0;
    %cmp/e;
    %jmp/0xz  T_1.19, 4;
    %pushi/vec4 1, 0, 1;
    %store/vec4 v000001c2e72a4cf0_0, 0, 1;
    %jmp T_1.20;
T_1.19 ;
    %pushi/vec4 0, 0, 1;
    %store/vec4 v000001c2e72a4cf0_0, 0, 1;
T_1.20 ;
    %jmp T_1.10;
T_1.7 ;
    %load/vec4 v000001c2e7243340_0;
    %load/vec4 v000001c2e7243700_0;
    %cmp/e;
    %jmp/0xz  T_1.21, 4;
    %pushi/vec4 1, 0, 1;
    %store/vec4 v000001c2e72a4cf0_0, 0, 1;
    %jmp T_1.22;
T_1.21 ;
    %pushi/vec4 0, 0, 1;
    %store/vec4 v000001c2e72a4cf0_0, 0, 1;
T_1.22 ;
    %jmp T_1.10;
T_1.8 ;
    %load/vec4 v000001c2e7243340_0;
    %load/vec4 v000001c2e7243660_0;
    %cmp/e;
    %jmp/0xz  T_1.23, 4;
    %pushi/vec4 1, 0, 1;
    %store/vec4 v000001c2e72a4cf0_0, 0, 1;
    %jmp T_1.24;
T_1.23 ;
    %pushi/vec4 0, 0, 1;
    %store/vec4 v000001c2e72a4cf0_0, 0, 1;
T_1.24 ;
    %jmp T_1.10;
T_1.9 ;
    %load/vec4 v000001c2e7243340_0;
    %load/vec4 v000001c2e72435c0_0;
    %cmp/e;
    %jmp/0xz  T_1.25, 4;
    %pushi/vec4 1, 0, 1;
    %store/vec4 v000001c2e72a4cf0_0, 0, 1;
    %jmp T_1.26;
T_1.25 ;
    %pushi/vec4 0, 0, 1;
    %store/vec4 v000001c2e72a4cf0_0, 0, 1;
T_1.26 ;
    %jmp T_1.10;
T_1.10 ;
    %pop/vec4 1;
    %load/vec4 v000001c2e72a4cf0_0;
    %flag_set/vec4 8;
    %jmp/0xz  T_1.27, 8;
    %load/vec4 v000001c2e71fbca0_0;
    %addi 1, 0, 3;
    %assign/vec4 v000001c2e71fbca0_0, 0;
    %pushi/vec4 1, 0, 1;
    %assign/vec4 v000001c2e71fbd40_0, 0;
    %pushi/vec4 0, 0, 1;
    %ix/load 5, 0, 0;
    %load/vec4 v000001c2e72433e0_0;
    %pad/u 5;
    %subi 1, 0, 5;
    %ix/vec4/s 4;
    %assign/vec4/off/d v000001c2e72a4070_0, 4, 5;
    %jmp T_1.28;
T_1.27 ;
    %load/vec4 v000001c2e71fbca0_0;
    %assign/vec4 v000001c2e71fbca0_0, 0;
    %load/vec4 v000001c2e72a4070_0;
    %load/vec4 v000001c2e72433e0_0;
    %pad/u 5;
    %subi 1, 0, 5;
    %part/s 1;
    %ix/load 5, 0, 0;
    %load/vec4 v000001c2e72433e0_0;
    %pad/u 5;
    %subi 1, 0, 5;
    %ix/vec4/s 4;
    %assign/vec4/off/d v000001c2e72a4070_0, 4, 5;
T_1.28 ;
T_1.0 ;
    %load/vec4 v000001c2e7243480_0;
    %flag_set/vec4 8;
    %jmp/0xz  T_1.29, 8;
    %pushi/vec4 7, 0, 3;
    %assign/vec4 v000001c2e71fbca0_0, 0;
    %pushi/vec4 0, 0, 7;
    %assign/vec4 v000001c2e72a4070_0, 0;
    %pushi/vec4 1, 0, 1;
    %assign/vec4 v000001c2e71fbd40_0, 0;
    %jmp T_1.30;
T_1.29 ;
    %load/vec4 v000001c2e71fbca0_0;
    %nor/r;
    %flag_set/vec4 8;
    %jmp/0xz  T_1.31, 8;
    %pushi/vec4 0, 0, 1;
    %assign/vec4 v000001c2e71fbd40_0, 0;
    %jmp T_1.32;
T_1.31 ;
    %load/vec4 v000001c2e71fbde0_0;
    %flag_set/vec4 8;
    %jmp/0xz  T_1.33, 8;
    %pushi/vec4 1, 0, 1;
    %assign/vec4 v000001c2e71fbd40_0, 0;
    %load/vec4 v000001c2e71fbca0_0;
    %subi 1, 0, 3;
    %assign/vec4 v000001c2e71fbca0_0, 0;
    %pushi/vec4 1, 0, 32;
    %store/vec4 v000001c2e7243520_0, 0, 32;
T_1.35 ;
    %load/vec4 v000001c2e7243520_0;
    %cmpi/s 7, 0, 32;
    %jmp/0xz T_1.36, 5;
    %load/vec4 v000001c2e72a4070_0;
    %load/vec4 v000001c2e7243520_0;
    %pad/s 34;
    %subi 1, 0, 34;
    %part/s 1;
    %pad/u 32;
    %cmpi/e 0, 0, 32;
    %jmp/0xz  T_1.37, 4;
    %pushi/vec4 1, 0, 3;
    %store/vec4 v000001c2e72a4570_0, 0, 3;
T_1.37 ;
    ; show_stmt_assign_vector: Get l-value for compressed += operand
    %load/vec4 v000001c2e7243520_0;
    %pushi/vec4 1, 0, 32;
    %add;
    %store/vec4 v000001c2e7243520_0, 0, 32;
    %jmp T_1.35;
T_1.36 ;
    %pushi/vec4 1, 0, 1;
    %ix/load 5, 0, 0;
    %load/vec4 v000001c2e72a4570_0;
    %pad/u 5;
    %subi 1, 0, 5;
    %ix/vec4/s 4;
    %assign/vec4/off/d v000001c2e72a4070_0, 4, 5;
    %load/vec4 v000001c2e72a4570_0;
    %store/vec4 v000001c2e71fbc00_0, 0, 3;
    %fork TD_parking_system.task_passcode, S_000001c2e71f6ba0;
    %join;
    %load/vec4 v000001c2e71fb760_0;
    %store/vec4 v000001c2e72a4750_0, 0, 8;
    %load/vec4 v000001c2e72a4570_0;
    %dup/vec4;
    %pushi/vec4 7, 0, 3;
    %cmp/u;
    %jmp/1 T_1.39, 6;
    %dup/vec4;
    %pushi/vec4 6, 0, 3;
    %cmp/u;
    %jmp/1 T_1.40, 6;
    %dup/vec4;
    %pushi/vec4 5, 0, 3;
    %cmp/u;
    %jmp/1 T_1.41, 6;
    %dup/vec4;
    %pushi/vec4 4, 0, 3;
    %cmp/u;
    %jmp/1 T_1.42, 6;
    %dup/vec4;
    %pushi/vec4 3, 0, 3;
    %cmp/u;
    %jmp/1 T_1.43, 6;
    %dup/vec4;
    %pushi/vec4 2, 0, 3;
    %cmp/u;
    %jmp/1 T_1.44, 6;
    %dup/vec4;
    %pushi/vec4 1, 0, 3;
    %cmp/u;
    %jmp/1 T_1.45, 6;
    %dup/vec4;
    %pushi/vec4 0, 0, 3;
    %cmp/u;
    %jmp/1 T_1.46, 6;
    %jmp T_1.47;
T_1.39 ;
    %load/vec4 v000001c2e72a4750_0;
    %store/vec4 v000001c2e72a4f70_0, 0, 8;
    %jmp T_1.47;
T_1.40 ;
    %load/vec4 v000001c2e72a4750_0;
    %store/vec4 v000001c2e72a46b0_0, 0, 8;
    %jmp T_1.47;
T_1.41 ;
    %load/vec4 v000001c2e72a4750_0;
    %store/vec4 v000001c2e72a4ed0_0, 0, 8;
    %jmp T_1.47;
T_1.42 ;
    %load/vec4 v000001c2e72a4750_0;
    %store/vec4 v000001c2e7243840_0, 0, 8;
    %jmp T_1.47;
T_1.43 ;
    %load/vec4 v000001c2e72a4750_0;
    %store/vec4 v000001c2e72437a0_0, 0, 8;
    %jmp T_1.47;
T_1.44 ;
    %load/vec4 v000001c2e72a4750_0;
    %store/vec4 v000001c2e7243700_0, 0, 8;
    %jmp T_1.47;
T_1.45 ;
    %load/vec4 v000001c2e72a4750_0;
    %store/vec4 v000001c2e7243660_0, 0, 8;
    %jmp T_1.47;
T_1.46 ;
    %load/vec4 v000001c2e72a4750_0;
    %store/vec4 v000001c2e72435c0_0, 0, 8;
    %jmp T_1.47;
T_1.47 ;
    %pop/vec4 1;
T_1.33 ;
T_1.32 ;
T_1.30 ;
    %jmp T_1;
    .thread T_1;
# The file index is used to find the file name in the following table.
:file_names 3;
    "N/A";
    "<interactive>";
    "parking_system.v";
